
	Log of n/2 Processes
	--- -- --- ---------

	PID		Index		Size		Pair Positions		Pair Values		Result Positions		Result Values

	23321		0		16		[0 and 8]		[125 + 192]		0				317
--------------------------------------------------------------------------------------------------------------------------------------------------------

	23321		0		16		[1 and 9]		[190 + 207]		1				397
--------------------------------------------------------------------------------------------------------------------------------------------------------

	23321		0		16		[2 and 10]		[61 + 34]		2				95
--------------------------------------------------------------------------------------------------------------------------------------------------------

	23321		0		16		[3 and 11]		[178 + 250]		3				428
--------------------------------------------------------------------------------------------------------------------------------------------------------

	23321		0		16		[4 and 12]		[199 + 89]		4				288
--------------------------------------------------------------------------------------------------------------------------------------------------------

	23330		5		16		[5 and 13]		[141 + 181]		5				322
--------------------------------------------------------------------------------------------------------------------------------------------------------

	23332		6		16		[6 and 14]		[29 + 150]		6				179
--------------------------------------------------------------------------------------------------------------------------------------------------------

	23335		7		16		[7 and 15]		[115 + 174]		7				289
--------------------------------------------------------------------------------------------------------------------------------------------------------

	23337		0		8		[0 and 4]		[317 + 288]		0				605
--------------------------------------------------------------------------------------------------------------------------------------------------------

	23340		1		8		[1 and 5]		[397 + 322]		1				719
--------------------------------------------------------------------------------------------------------------------------------------------------------

	23347		2		8		[2 and 6]		[95 + 179]		2				274
--------------------------------------------------------------------------------------------------------------------------------------------------------

	23352		3		8		[3 and 7]		[428 + 289]		3				717
--------------------------------------------------------------------------------------------------------------------------------------------------------

	23358		0		4		[0 and 2]		[605 + 274]		0				879
--------------------------------------------------------------------------------------------------------------------------------------------------------

	23363		1		4		[1 and 3]		[719 + 717]		1				1436
--------------------------------------------------------------------------------------------------------------------------------------------------------

	23367		0		2		[0 and 1]		[879 + 1436]		0				2315
--------------------------------------------------------------------------------------------------------------------------------------------------------
